#
# There is insufficient memory for the Java Runtime Environment to continue.
# Native memory allocation (malloc) failed to allocate 32744 bytes. Error detail: ChunkPool::allocate
# Possible reasons:
#   The system is out of physical RAM or swap space
#   This process is running with CompressedOops enabled, and the Java Heap may be blocking the growth of the native heap
# Possible solutions:
#   Reduce memory load on the system
#   Increase physical memory or swap space
#   Check if swap backing store is full
#   Decrease Java heap size (-Xmx/-Xms)
#   Decrease number of Java threads
#   Decrease Java thread stack sizes (-Xss)
#   Set larger code cache with -XX:ReservedCodeCacheSize=
#   JVM is running with Unscaled Compressed Oops mode in which the Java heap is
#     placed in the first 4GB address space. The Java Heap base address is the
#     maximum limit for the native heap growth. Please use -XX:HeapBaseMinAddress
#     to set the Java Heap base and to place the Java Heap above 4GB virtual address.
# This output file may be truncated or incomplete.
#
#  Out of Memory Error (arena.cpp:79), pid=9460, tid=14104
#
# JRE version: OpenJDK Runtime Environment (17.0.11) (build 17.0.11+0--11852314)
# Java VM: OpenJDK 64-Bit Server VM (17.0.11+0--11852314, mixed mode, tiered, compressed oops, compressed class ptrs, g1 gc, windows-amd64)
# No core dump will be written. Minidumps are not enabled by default on client versions of Windows
#

---------------  S U M M A R Y ------------

Command Line: -Dorg.gradle.appname=gradlew org.gradle.wrapper.GradleWrapperMain -q -Ptarget-platform=android-arm64 -Ptarget=C:\Users\sohai\Desktop\My Workspace\Flutter Lectures\Sixth-Gridview-Gridview-dot-Builder-Navigation-Mediaqurey-Fonts\lib\main.dart -Pbase-application-name=android.app.Application -Pdart-obfuscation=false -Ptrack-widget-creation=true -Ptree-shake-icons=false -Pfilesystem-scheme=org-dartlang-root assembleDebug

Host: Intel(R) Core(TM) i7-4702HQ CPU @ 2.20GHz, 8 cores, 7G,  Windows 11 , 64 bit Build 26100 (10.0.26100.2454)
Time: Wed Jan 15 23:57:45 2025 Pakistan Standard Time elapsed time: 17.179091 seconds (0d 0h 0m 17s)

---------------  T H R E A D  ---------------

Current thread (0x00000284983d3b40):  JavaThread "C1 CompilerThread0" daemon [_thread_in_native, id=14104, stack(0x000000d8fb100000,0x000000d8fb200000)]


Current CompileTask:
C1:  17179 1194       3       java.lang.invoke.VarHandleGuards::guard_LLL_Z (86 bytes)

Stack: [0x000000d8fb100000,0x000000d8fb200000]
Native frames: (J=compiled Java code, j=interpreted, Vv=VM code, C=native code)
V  [jvm.dll+0x687bb9]
V  [jvm.dll+0x84142a]
V  [jvm.dll+0x8430ae]
V  [jvm.dll+0x843713]
V  [jvm.dll+0x24a35f]
V  [jvm.dll+0xac741]
V  [jvm.dll+0xacb8c]
V  [jvm.dll+0x11ee05]
V  [jvm.dll+0x17cb14]
V  [jvm.dll+0x17d0f3]
V  [jvm.dll+0x1376b3]
V  [jvm.dll+0x136fbf]
V  [jvm.dll+0x1371f6]
V  [jvm.dll+0x13668a]
V  [jvm.dll+0x138341]
V  [jvm.dll+0x22b1ee]
V  [jvm.dll+0x229375]
V  [jvm.dll+0x7f5647]
V  [jvm.dll+0x7efa4a]
V  [jvm.dll+0x686a35]
C  [ucrtbase.dll+0x14ea0]
C  [KERNEL32.DLL+0x2e8d7]
C  [ntdll.dll+0xdfbcc]


---------------  P R O C E S S  ---------------

Threads class SMR info:
_java_thread_list=0x000002849d9be960, length=15, elements={
0x00000284fcffd2f0, 0x00000284ff250460, 0x00000284ff253250, 0x00000284983b0d10,
0x00000284983b35f0, 0x00000284983b4a30, 0x00000284983b5e70, 0x00000284983b72c0,
0x00000284983d3b40, 0x00000284983db4c0, 0x0000028498541150, 0x00000284985517b0,
0x000002849d6fb410, 0x000002849db65480, 0x000002849db82010
}

Java Threads: ( => current thread )
  0x00000284fcffd2f0 JavaThread "main" [_thread_in_native, id=14200, stack(0x000000d8fa300000,0x000000d8fa400000)]
  0x00000284ff250460 JavaThread "Reference Handler" daemon [_thread_blocked, id=16740, stack(0x000000d8faa00000,0x000000d8fab00000)]
  0x00000284ff253250 JavaThread "Finalizer" daemon [_thread_blocked, id=15084, stack(0x000000d8fab00000,0x000000d8fac00000)]
  0x00000284983b0d10 JavaThread "Signal Dispatcher" daemon [_thread_blocked, id=7928, stack(0x000000d8fac00000,0x000000d8fad00000)]
  0x00000284983b35f0 JavaThread "Attach Listener" daemon [_thread_blocked, id=9100, stack(0x000000d8fad00000,0x000000d8fae00000)]
  0x00000284983b4a30 JavaThread "Service Thread" daemon [_thread_blocked, id=11232, stack(0x000000d8fae00000,0x000000d8faf00000)]
  0x00000284983b5e70 JavaThread "Monitor Deflation Thread" daemon [_thread_blocked, id=4532, stack(0x000000d8faf00000,0x000000d8fb000000)]
  0x00000284983b72c0 JavaThread "C2 CompilerThread0" daemon [_thread_blocked, id=5408, stack(0x000000d8fb000000,0x000000d8fb100000)]
=>0x00000284983d3b40 JavaThread "C1 CompilerThread0" daemon [_thread_in_native, id=14104, stack(0x000000d8fb100000,0x000000d8fb200000)]
  0x00000284983db4c0 JavaThread "Sweeper thread" daemon [_thread_blocked, id=12848, stack(0x000000d8fb200000,0x000000d8fb300000)]
  0x0000028498541150 JavaThread "Notification Thread" daemon [_thread_blocked, id=13936, stack(0x000000d8fb300000,0x000000d8fb400000)]
  0x00000284985517b0 JavaThread "Common-Cleaner" daemon [_thread_blocked, id=13188, stack(0x000000d8fb500000,0x000000d8fb600000)]
  0x000002849d6fb410 JavaThread "pool-1-thread-1" [_thread_blocked, id=7504, stack(0x000000d8fb700000,0x000000d8fb800000)]
  0x000002849db65480 JavaThread "DisconnectableInputStream source reader" daemon [_thread_in_native, id=9172, stack(0x000000d8fbc00000,0x000000d8fbd00000)]
  0x000002849db82010 JavaThread "Forward input" [_thread_blocked, id=17352, stack(0x000000d8fbd00000,0x000000d8fbe00000)]

Other Threads:
  0x00000284ff2693f0 VMThread "VM Thread" [stack: 0x000000d8fa900000,0x000000d8faa00000] [id=4140]
  0x0000028498544250 WatcherThread [stack: 0x000000d8fb400000,0x000000d8fb500000] [id=13492]
  0x00000284fd059810 GCTaskThread "GC Thread#0" [stack: 0x000000d8fa400000,0x000000d8fa500000] [id=7020]
  0x000002849d104ad0 GCTaskThread "GC Thread#1" [stack: 0x000000d8fb800000,0x000000d8fb900000] [id=15624]
  0x000002849d0cb770 GCTaskThread "GC Thread#2" [stack: 0x000000d8fb900000,0x000000d8fba00000] [id=1924]
  0x000002849d0cba30 GCTaskThread "GC Thread#3" [stack: 0x000000d8fba00000,0x000000d8fbb00000] [id=2960]
  0x000002849d930660 GCTaskThread "GC Thread#4" [stack: 0x000000d8fbb00000,0x000000d8fbc00000] [id=14476]
  0x00000284fd06a370 ConcurrentGCThread "G1 Main Marker" [stack: 0x000000d8fa500000,0x000000d8fa600000] [id=15492]
  0x00000284fd06b970 ConcurrentGCThread "G1 Conc#0" [stack: 0x000000d8fa600000,0x000000d8fa700000] [id=1584]
  0x00000284fd0ae560 ConcurrentGCThread "G1 Refine#0" [stack: 0x000000d8fa700000,0x000000d8fa800000] [id=16140]
  0x00000284ff0b6c90 ConcurrentGCThread "G1 Service" [stack: 0x000000d8fa800000,0x000000d8fa900000] [id=15608]

Threads with active compile tasks:
C1 CompilerThread0    17223 1194       3       java.lang.invoke.VarHandleGuards::guard_LLL_Z (86 bytes)

VM state: not at safepoint (normal execution)

VM Mutex/Monitor currently owned by a thread: None

Heap address: 0x0000000081800000, size: 2024 MB, Compressed Oops mode: 32-bit

CDS archive(s) not mapped
Compressed class space mapped at: 0x0000000100000000-0x0000000140000000, reserved size: 1073741824
Narrow klass base: 0x0000000000000000, Narrow klass shift: 3, Narrow klass range: 0x140000000

GC Precious Log:
 CPUs: 8 total, 8 available
 Memory: 8095M
 Large Page Support: Disabled
 NUMA Support: Disabled
 Compressed Oops: Enabled (32-bit)
 Heap Region Size: 1M
 Heap Min Capacity: 8M
 Heap Initial Capacity: 128M
 Heap Max Capacity: 2024M
 Pre-touch: Disabled
 Parallel Workers: 8
 Concurrent Workers: 2
 Concurrent Refinement Workers: 8
 Periodic GC: Disabled

Heap:
 garbage-first heap   total 131072K, used 22856K [0x0000000081800000, 0x0000000100000000)
  region size 1024K, 17 young (17408K), 3 survivors (3072K)
 Metaspace       used 16257K, committed 16448K, reserved 1114112K
  class space    used 1900K, committed 1984K, reserved 1048576K

Heap Regions: E=young(eden), S=young(survivor), O=old, HS=humongous(starts), HC=humongous(continues), CS=collection set, F=free, OA=open archive, CA=closed archive, TAMS=top-at-mark-start (previous, next)
|   0|0x0000000081800000, 0x0000000081900000, 0x0000000081900000|100%|HS|  |TAMS 0x0000000081800000, 0x0000000081800000| Complete 
|   1|0x0000000081900000, 0x0000000081a00000, 0x0000000081a00000|100%|HC|  |TAMS 0x0000000081900000, 0x0000000081900000| Complete 
|   2|0x0000000081a00000, 0x0000000081b00000, 0x0000000081b00000|100%|HC|  |TAMS 0x0000000081a00000, 0x0000000081a00000| Complete 
|   3|0x0000000081b00000, 0x0000000081c00000, 0x0000000081c00000|100%| O|  |TAMS 0x0000000081b00000, 0x0000000081b00000| Untracked 
|   4|0x0000000081c00000, 0x0000000081d00000, 0x0000000081d00000|100%| O|  |TAMS 0x0000000081c00000, 0x0000000081c00000| Untracked 
|   5|0x0000000081d00000, 0x0000000081e00000, 0x0000000081e00000|100%| O|  |TAMS 0x0000000081d00000, 0x0000000081d00000| Untracked 
|   6|0x0000000081e00000, 0x0000000081e52200, 0x0000000081f00000| 32%| O|  |TAMS 0x0000000081e00000, 0x0000000081e00000| Untracked 
|   7|0x0000000081f00000, 0x0000000081f00000, 0x0000000082000000|  0%| F|  |TAMS 0x0000000081f00000, 0x0000000081f00000| Untracked 
|   8|0x0000000082000000, 0x0000000082000000, 0x0000000082100000|  0%| F|  |TAMS 0x0000000082000000, 0x0000000082000000| Untracked 
|   9|0x0000000082100000, 0x0000000082100000, 0x0000000082200000|  0%| F|  |TAMS 0x0000000082100000, 0x0000000082100000| Untracked 
|  10|0x0000000082200000, 0x0000000082200000, 0x0000000082300000|  0%| F|  |TAMS 0x0000000082200000, 0x0000000082200000| Untracked 
|  11|0x0000000082300000, 0x0000000082300000, 0x0000000082400000|  0%| F|  |TAMS 0x0000000082300000, 0x0000000082300000| Untracked 
|  12|0x0000000082400000, 0x0000000082400000, 0x0000000082500000|  0%| F|  |TAMS 0x0000000082400000, 0x0000000082400000| Untracked 
|  13|0x0000000082500000, 0x0000000082500000, 0x0000000082600000|  0%| F|  |TAMS 0x0000000082500000, 0x0000000082500000| Untracked 
|  14|0x0000000082600000, 0x0000000082600000, 0x0000000082700000|  0%| F|  |TAMS 0x0000000082600000, 0x0000000082600000| Untracked 
|  15|0x0000000082700000, 0x0000000082700000, 0x0000000082800000|  0%| F|  |TAMS 0x0000000082700000, 0x0000000082700000| Untracked 
|  16|0x0000000082800000, 0x0000000082800000, 0x0000000082900000|  0%| F|  |TAMS 0x0000000082800000, 0x0000000082800000| Untracked 
|  17|0x0000000082900000, 0x0000000082900000, 0x0000000082a00000|  0%| F|  |TAMS 0x0000000082900000, 0x0000000082900000| Untracked 
|  18|0x0000000082a00000, 0x0000000082a00000, 0x0000000082b00000|  0%| F|  |TAMS 0x0000000082a00000, 0x0000000082a00000| Untracked 
|  19|0x0000000082b00000, 0x0000000082b00000, 0x0000000082c00000|  0%| F|  |TAMS 0x0000000082b00000, 0x0000000082b00000| Untracked 
|  20|0x0000000082c00000, 0x0000000082c00000, 0x0000000082d00000|  0%| F|  |TAMS 0x0000000082c00000, 0x0000000082c00000| Untracked 
|  21|0x0000000082d00000, 0x0000000082d00000, 0x0000000082e00000|  0%| F|  |TAMS 0x0000000082d00000, 0x0000000082d00000| Untracked 
|  22|0x0000000082e00000, 0x0000000082e00000, 0x0000000082f00000|  0%| F|  |TAMS 0x0000000082e00000, 0x0000000082e00000| Untracked 
|  23|0x0000000082f00000, 0x0000000082f00000, 0x0000000083000000|  0%| F|  |TAMS 0x0000000082f00000, 0x0000000082f00000| Untracked 
|  24|0x0000000083000000, 0x0000000083000000, 0x0000000083100000|  0%| F|  |TAMS 0x0000000083000000, 0x0000000083000000| Untracked 
|  25|0x0000000083100000, 0x0000000083100000, 0x0000000083200000|  0%| F|  |TAMS 0x0000000083100000, 0x0000000083100000| Untracked 
|  26|0x0000000083200000, 0x0000000083200000, 0x0000000083300000|  0%| F|  |TAMS 0x0000000083200000, 0x0000000083200000| Untracked 
|  27|0x0000000083300000, 0x0000000083300000, 0x0000000083400000|  0%| F|  |TAMS 0x0000000083300000, 0x0000000083300000| Untracked 
|  28|0x0000000083400000, 0x0000000083400000, 0x0000000083500000|  0%| F|  |TAMS 0x0000000083400000, 0x0000000083400000| Untracked 
|  29|0x0000000083500000, 0x0000000083500000, 0x0000000083600000|  0%| F|  |TAMS 0x0000000083500000, 0x0000000083500000| Untracked 
|  30|0x0000000083600000, 0x0000000083600000, 0x0000000083700000|  0%| F|  |TAMS 0x0000000083600000, 0x0000000083600000| Untracked 
|  31|0x0000000083700000, 0x0000000083700000, 0x0000000083800000|  0%| F|  |TAMS 0x0000000083700000, 0x0000000083700000| Untracked 
|  32|0x0000000083800000, 0x0000000083800000, 0x0000000083900000|  0%| F|  |TAMS 0x0000000083800000, 0x0000000083800000| Untracked 
|  33|0x0000000083900000, 0x0000000083900000, 0x0000000083a00000|  0%| F|  |TAMS 0x0000000083900000, 0x0000000083900000| Untracked 
|  34|0x0000000083a00000, 0x0000000083a00000, 0x0000000083b00000|  0%| F|  |TAMS 0x0000000083a00000, 0x0000000083a00000| Untracked 
|  35|0x0000000083b00000, 0x0000000083b00000, 0x0000000083c00000|  0%| F|  |TAMS 0x0000000083b00000, 0x0000000083b00000| Untracked 
|  36|0x0000000083c00000, 0x0000000083c00000, 0x0000000083d00000|  0%| F|  |TAMS 0x0000000083c00000, 0x0000000083c00000| Untracked 
|  37|0x0000000083d00000, 0x0000000083d00000, 0x0000000083e00000|  0%| F|  |TAMS 0x0000000083d00000, 0x0000000083d00000| Untracked 
|  38|0x0000000083e00000, 0x0000000083e00000, 0x0000000083f00000|  0%| F|  |TAMS 0x0000000083e00000, 0x0000000083e00000| Untracked 
|  39|0x0000000083f00000, 0x0000000083f00000, 0x0000000084000000|  0%| F|  |TAMS 0x0000000083f00000, 0x0000000083f00000| Untracked 
|  40|0x0000000084000000, 0x0000000084000000, 0x0000000084100000|  0%| F|  |TAMS 0x0000000084000000, 0x0000000084000000| Untracked 
|  41|0x0000000084100000, 0x0000000084100000, 0x0000000084200000|  0%| F|  |TAMS 0x0000000084100000, 0x0000000084100000| Untracked 
|  42|0x0000000084200000, 0x0000000084200000, 0x0000000084300000|  0%| F|  |TAMS 0x0000000084200000, 0x0000000084200000| Untracked 
|  43|0x0000000084300000, 0x0000000084300000, 0x0000000084400000|  0%| F|  |TAMS 0x0000000084300000, 0x0000000084300000| Untracked 
|  44|0x0000000084400000, 0x0000000084400000, 0x0000000084500000|  0%| F|  |TAMS 0x0000000084400000, 0x0000000084400000| Untracked 
|  45|0x0000000084500000, 0x0000000084500000, 0x0000000084600000|  0%| F|  |TAMS 0x0000000084500000, 0x0000000084500000| Untracked 
|  46|0x0000000084600000, 0x0000000084600000, 0x0000000084700000|  0%| F|  |TAMS 0x0000000084600000, 0x0000000084600000| Untracked 
|  47|0x0000000084700000, 0x0000000084700000, 0x0000000084800000|  0%| F|  |TAMS 0x0000000084700000, 0x0000000084700000| Untracked 
|  48|0x0000000084800000, 0x0000000084800000, 0x0000000084900000|  0%| F|  |TAMS 0x0000000084800000, 0x0000000084800000| Untracked 
|  49|0x0000000084900000, 0x0000000084900000, 0x0000000084a00000|  0%| F|  |TAMS 0x0000000084900000, 0x0000000084900000| Untracked 
|  50|0x0000000084a00000, 0x0000000084a00000, 0x0000000084b00000|  0%| F|  |TAMS 0x0000000084a00000, 0x0000000084a00000| Untracked 
|  51|0x0000000084b00000, 0x0000000084b00000, 0x0000000084c00000|  0%| F|  |TAMS 0x0000000084b00000, 0x0000000084b00000| Untracked 
|  52|0x0000000084c00000, 0x0000000084c00000, 0x0000000084d00000|  0%| F|  |TAMS 0x0000000084c00000, 0x0000000084c00000| Untracked 
|  53|0x0000000084d00000, 0x0000000084d00000, 0x0000000084e00000|  0%| F|  |TAMS 0x0000000084d00000, 0x0000000084d00000| Untracked 
|  54|0x0000000084e00000, 0x0000000084e00000, 0x0000000084f00000|  0%| F|  |TAMS 0x0000000084e00000, 0x0000000084e00000| Untracked 
|  55|0x0000000084f00000, 0x0000000084f00000, 0x0000000085000000|  0%| F|  |TAMS 0x0000000084f00000, 0x0000000084f00000| Untracked 
|  56|0x0000000085000000, 0x0000000085000000, 0x0000000085100000|  0%| F|  |TAMS 0x0000000085000000, 0x0000000085000000| Untracked 
|  57|0x0000000085100000, 0x0000000085100000, 0x0000000085200000|  0%| F|  |TAMS 0x0000000085100000, 0x0000000085100000| Untracked 
|  58|0x0000000085200000, 0x0000000085200000, 0x0000000085300000|  0%| F|  |TAMS 0x0000000085200000, 0x0000000085200000| Untracked 
|  59|0x0000000085300000, 0x0000000085300000, 0x0000000085400000|  0%| F|  |TAMS 0x0000000085300000, 0x0000000085300000| Untracked 
|  60|0x0000000085400000, 0x0000000085400000, 0x0000000085500000|  0%| F|  |TAMS 0x0000000085400000, 0x0000000085400000| Untracked 
|  61|0x0000000085500000, 0x0000000085500000, 0x0000000085600000|  0%| F|  |TAMS 0x0000000085500000, 0x0000000085500000| Untracked 
|  62|0x0000000085600000, 0x0000000085600000, 0x0000000085700000|  0%| F|  |TAMS 0x0000000085600000, 0x0000000085600000| Untracked 
|  63|0x0000000085700000, 0x0000000085700000, 0x0000000085800000|  0%| F|  |TAMS 0x0000000085700000, 0x0000000085700000| Untracked 
|  64|0x0000000085800000, 0x0000000085800000, 0x0000000085900000|  0%| F|  |TAMS 0x0000000085800000, 0x0000000085800000| Untracked 
|  65|0x0000000085900000, 0x0000000085900000, 0x0000000085a00000|  0%| F|  |TAMS 0x0000000085900000, 0x0000000085900000| Untracked 
|  66|0x0000000085a00000, 0x0000000085a00000, 0x0000000085b00000|  0%| F|  |TAMS 0x0000000085a00000, 0x0000000085a00000| Untracked 
|  67|0x0000000085b00000, 0x0000000085b00000, 0x0000000085c00000|  0%| F|  |TAMS 0x0000000085b00000, 0x0000000085b00000| Untracked 
|  68|0x0000000085c00000, 0x0000000085c00000, 0x0000000085d00000|  0%| F|  |TAMS 0x0000000085c00000, 0x0000000085c00000| Untracked 
|  69|0x0000000085d00000, 0x0000000085d00000, 0x0000000085e00000|  0%| F|  |TAMS 0x0000000085d00000, 0x0000000085d00000| Untracked 
|  70|0x0000000085e00000, 0x0000000085e00000, 0x0000000085f00000|  0%| F|  |TAMS 0x0000000085e00000, 0x0000000085e00000| Untracked 
|  71|0x0000000085f00000, 0x0000000085f00000, 0x0000000086000000|  0%| F|  |TAMS 0x0000000085f00000, 0x0000000085f00000| Untracked 
|  72|0x0000000086000000, 0x0000000086000000, 0x0000000086100000|  0%| F|  |TAMS 0x0000000086000000, 0x0000000086000000| Untracked 
|  73|0x0000000086100000, 0x0000000086100000, 0x0000000086200000|  0%| F|  |TAMS 0x0000000086100000, 0x0000000086100000| Untracked 
|  74|0x0000000086200000, 0x0000000086200000, 0x0000000086300000|  0%| F|  |TAMS 0x0000000086200000, 0x0000000086200000| Untracked 
|  75|0x0000000086300000, 0x0000000086300000, 0x0000000086400000|  0%| F|  |TAMS 0x0000000086300000, 0x0000000086300000| Untracked 
|  76|0x0000000086400000, 0x0000000086400000, 0x0000000086500000|  0%| F|  |TAMS 0x0000000086400000, 0x0000000086400000| Untracked 
|  77|0x0000000086500000, 0x0000000086500000, 0x0000000086600000|  0%| F|  |TAMS 0x0000000086500000, 0x0000000086500000| Untracked 
|  78|0x0000000086600000, 0x0000000086600000, 0x0000000086700000|  0%| F|  |TAMS 0x0000000086600000, 0x0000000086600000| Untracked 
|  79|0x0000000086700000, 0x0000000086700000, 0x0000000086800000|  0%| F|  |TAMS 0x0000000086700000, 0x0000000086700000| Untracked 
|  80|0x0000000086800000, 0x0000000086800000, 0x0000000086900000|  0%| F|  |TAMS 0x0000000086800000, 0x0000000086800000| Untracked 
|  81|0x0000000086900000, 0x0000000086900000, 0x0000000086a00000|  0%| F|  |TAMS 0x0000000086900000, 0x0000000086900000| Untracked 
|  82|0x0000000086a00000, 0x0000000086a00000, 0x0000000086b00000|  0%| F|  |TAMS 0x0000000086a00000, 0x0000000086a00000| Untracked 
|  83|0x0000000086b00000, 0x0000000086b00000, 0x0000000086c00000|  0%| F|  |TAMS 0x0000000086b00000, 0x0000000086b00000| Untracked 
|  84|0x0000000086c00000, 0x0000000086c00000, 0x0000000086d00000|  0%| F|  |TAMS 0x0000000086c00000, 0x0000000086c00000| Untracked 
|  85|0x0000000086d00000, 0x0000000086d00000, 0x0000000086e00000|  0%| F|  |TAMS 0x0000000086d00000, 0x0000000086d00000| Untracked 
|  86|0x0000000086e00000, 0x0000000086e00000, 0x0000000086f00000|  0%| F|  |TAMS 0x0000000086e00000, 0x0000000086e00000| Untracked 
|  87|0x0000000086f00000, 0x0000000086f00000, 0x0000000087000000|  0%| F|  |TAMS 0x0000000086f00000, 0x0000000086f00000| Untracked 
|  88|0x0000000087000000, 0x0000000087000000, 0x0000000087100000|  0%| F|  |TAMS 0x0000000087000000, 0x0000000087000000| Untracked 
|  89|0x0000000087100000, 0x0000000087100000, 0x0000000087200000|  0%| F|  |TAMS 0x0000000087100000, 0x0000000087100000| Untracked 
|  90|0x0000000087200000, 0x0000000087200000, 0x0000000087300000|  0%| F|  |TAMS 0x0000000087200000, 0x0000000087200000| Untracked 
|  91|0x0000000087300000, 0x0000000087300000, 0x0000000087400000|  0%| F|  |TAMS 0x0000000087300000, 0x0000000087300000| Untracked 
|  92|0x0000000087400000, 0x0000000087400000, 0x0000000087500000|  0%| F|  |TAMS 0x0000000087400000, 0x0000000087400000| Untracked 
|  93|0x0000000087500000, 0x0000000087500000, 0x0000000087600000|  0%| F|  |TAMS 0x0000000087500000, 0x0000000087500000| Untracked 
|  94|0x0000000087600000, 0x0000000087600000, 0x0000000087700000|  0%| F|  |TAMS 0x0000000087600000, 0x0000000087600000| Untracked 
|  95|0x0000000087700000, 0x0000000087700000, 0x0000000087800000|  0%| F|  |TAMS 0x0000000087700000, 0x0000000087700000| Untracked 
|  96|0x0000000087800000, 0x0000000087800000, 0x0000000087900000|  0%| F|  |TAMS 0x0000000087800000, 0x0000000087800000| Untracked 
|  97|0x0000000087900000, 0x0000000087900000, 0x0000000087a00000|  0%| F|  |TAMS 0x0000000087900000, 0x0000000087900000| Untracked 
|  98|0x0000000087a00000, 0x0000000087a00000, 0x0000000087b00000|  0%| F|  |TAMS 0x0000000087a00000, 0x0000000087a00000| Untracked 
|  99|0x0000000087b00000, 0x0000000087b00000, 0x0000000087c00000|  0%| F|  |TAMS 0x0000000087b00000, 0x0000000087b00000| Untracked 
| 100|0x0000000087c00000, 0x0000000087c00000, 0x0000000087d00000|  0%| F|  |TAMS 0x0000000087c00000, 0x0000000087c00000| Untracked 
| 101|0x0000000087d00000, 0x0000000087d00000, 0x0000000087e00000|  0%| F|  |TAMS 0x0000000087d00000, 0x0000000087d00000| Untracked 
| 102|0x0000000087e00000, 0x0000000087f00000, 0x0000000087f00000|100%| S|CS|TAMS 0x0000000087e00000, 0x0000000087e00000| Complete 
| 103|0x0000000087f00000, 0x0000000088000000, 0x0000000088000000|100%| S|CS|TAMS 0x0000000087f00000, 0x0000000087f00000| Complete 
| 104|0x0000000088000000, 0x0000000088100000, 0x0000000088100000|100%| S|CS|TAMS 0x0000000088000000, 0x0000000088000000| Complete 
| 105|0x0000000088100000, 0x0000000088100000, 0x0000000088200000|  0%| F|  |TAMS 0x0000000088100000, 0x0000000088100000| Untracked 
| 106|0x0000000088200000, 0x0000000088200000, 0x0000000088300000|  0%| F|  |TAMS 0x0000000088200000, 0x0000000088200000| Untracked 
| 107|0x0000000088300000, 0x0000000088300000, 0x0000000088400000|  0%| F|  |TAMS 0x0000000088300000, 0x0000000088300000| Untracked 
| 108|0x0000000088400000, 0x0000000088400000, 0x0000000088500000|  0%| F|  |TAMS 0x0000000088400000, 0x0000000088400000| Untracked 
| 109|0x0000000088500000, 0x0000000088500000, 0x0000000088600000|  0%| F|  |TAMS 0x0000000088500000, 0x0000000088500000| Untracked 
| 110|0x0000000088600000, 0x0000000088600000, 0x0000000088700000|  0%| F|  |TAMS 0x0000000088600000, 0x0000000088600000| Untracked 
| 111|0x0000000088700000, 0x0000000088700000, 0x0000000088800000|  0%| F|  |TAMS 0x0000000088700000, 0x0000000088700000| Untracked 
| 112|0x0000000088800000, 0x0000000088800000, 0x0000000088900000|  0%| F|  |TAMS 0x0000000088800000, 0x0000000088800000| Untracked 
| 113|0x0000000088900000, 0x0000000088900000, 0x0000000088a00000|  0%| F|  |TAMS 0x0000000088900000, 0x0000000088900000| Untracked 
| 114|0x0000000088a00000, 0x0000000088a479f8, 0x0000000088b00000| 27%| E|  |TAMS 0x0000000088a00000, 0x0000000088a00000| Complete 
| 115|0x0000000088b00000, 0x0000000088c00000, 0x0000000088c00000|100%| E|CS|TAMS 0x0000000088b00000, 0x0000000088b00000| Complete 
| 116|0x0000000088c00000, 0x0000000088d00000, 0x0000000088d00000|100%| E|CS|TAMS 0x0000000088c00000, 0x0000000088c00000| Complete 
| 117|0x0000000088d00000, 0x0000000088e00000, 0x0000000088e00000|100%| E|CS|TAMS 0x0000000088d00000, 0x0000000088d00000| Complete 
| 118|0x0000000088e00000, 0x0000000088f00000, 0x0000000088f00000|100%| E|CS|TAMS 0x0000000088e00000, 0x0000000088e00000| Complete 
| 119|0x0000000088f00000, 0x0000000089000000, 0x0000000089000000|100%| E|CS|TAMS 0x0000000088f00000, 0x0000000088f00000| Complete 
| 120|0x0000000089000000, 0x0000000089100000, 0x0000000089100000|100%| E|CS|TAMS 0x0000000089000000, 0x0000000089000000| Complete 
| 121|0x0000000089100000, 0x0000000089200000, 0x0000000089200000|100%| E|CS|TAMS 0x0000000089100000, 0x0000000089100000| Complete 
| 122|0x0000000089200000, 0x0000000089300000, 0x0000000089300000|100%| E|CS|TAMS 0x0000000089200000, 0x0000000089200000| Complete 
| 123|0x0000000089300000, 0x0000000089400000, 0x0000000089400000|100%| E|CS|TAMS 0x0000000089300000, 0x0000000089300000| Complete 
| 124|0x0000000089400000, 0x0000000089500000, 0x0000000089500000|100%| E|CS|TAMS 0x0000000089400000, 0x0000000089400000| Complete 
| 125|0x0000000089500000, 0x0000000089600000, 0x0000000089600000|100%| E|CS|TAMS 0x0000000089500000, 0x0000000089500000| Complete 
| 126|0x0000000089600000, 0x0000000089700000, 0x0000000089700000|100%| E|CS|TAMS 0x0000000089600000, 0x0000000089600000| Complete 
| 127|0x0000000089700000, 0x0000000089800000, 0x0000000089800000|100%| E|CS|TAMS 0x0000000089700000, 0x0000000089700000| Complete 

Card table byte_map: [0x00000284fdff0000,0x00000284fe3f0000] _byte_map_base: 0x00000284fdbe4000

Marking Bits (Prev, Next): (CMBitMap*) 0x00000284fd059d40, (CMBitMap*) 0x00000284fd059d80
 Prev Bits: [0x0000028492420000, 0x00000284943c0000)
 Next Bits: [0x00000284943c0000, 0x0000028496360000)

Polling page: 0x00000284fb770000

Metaspace:

Usage:
  Non-class:     14.02 MB used.
      Class:      1.86 MB used.
       Both:     15.88 MB used.

Virtual space:
  Non-class space:       64.00 MB reserved,      14.12 MB ( 22%) committed,  1 nodes.
      Class space:        1.00 GB reserved,       1.94 MB ( <1%) committed,  1 nodes.
             Both:        1.06 GB reserved,      16.06 MB (  1%) committed. 

Chunk freelists:
   Non-Class:  1.91 MB
       Class:  14.05 MB
        Both:  15.95 MB

MaxMetaspaceSize: unlimited
CompressedClassSpaceSize: 1.00 GB
Initial GC threshold: 21.00 MB
Current GC threshold: 21.00 MB
CDS: off
MetaspaceReclaimPolicy: balanced
 - commit_granule_bytes: 65536.
 - commit_granule_words: 8192.
 - virtual_space_node_default_size: 8388608.
 - enlarge_chunks_in_place: 1.
 - new_chunks_are_fully_committed: 0.
 - uncommit_free_chunks: 1.
 - use_allocation_guard: 0.
 - handle_deallocations: 1.


Internal statistics:

num_allocs_failed_limit: 0.
num_arena_births: 76.
num_arena_deaths: 0.
num_vsnodes_births: 2.
num_vsnodes_deaths: 0.
num_space_committed: 257.
num_space_uncommitted: 0.
num_chunks_returned_to_freelist: 0.
num_chunks_taken_from_freelist: 294.
num_chunk_merges: 0.
num_chunk_splits: 198.
num_chunks_enlarged: 164.
num_inconsistent_stats: 0.

CodeHeap 'non-profiled nmethods': size=120000Kb used=466Kb max_used=466Kb free=119534Kb
 bounds [0x000002848aef0000, 0x000002848b160000, 0x0000028492420000]
CodeHeap 'profiled nmethods': size=120000Kb used=2199Kb max_used=2199Kb free=117800Kb
 bounds [0x0000028483420000, 0x0000028483690000, 0x000002848a950000]
CodeHeap 'non-nmethods': size=5760Kb used=1164Kb max_used=1180Kb free=4595Kb
 bounds [0x000002848a950000, 0x000002848abc0000, 0x000002848aef0000]
 total_blobs=1653 nmethods=1194 adapters=372
 compilation: enabled
              stopped_count=0, restarted_count=0
 full_count=0

Compilation events (20 events):
Event: 14.584 Thread 0x00000284983d3b40 nmethod 1184 0x0000028483644190 code [0x0000028483644340, 0x0000028483644548]
Event: 14.584 Thread 0x00000284983d3b40 1185       3       java.util.concurrent.locks.ReentrantLock$Sync::isHeldExclusively (16 bytes)
Event: 14.585 Thread 0x00000284983d3b40 nmethod 1185 0x0000028483644610 code [0x00000284836447a0, 0x0000028483644938]
Event: 14.585 Thread 0x00000284983d3b40 1186       3       java.util.concurrent.ThreadPoolExecutor::workerCountOf (5 bytes)
Event: 14.585 Thread 0x00000284983d3b40 nmethod 1186 0x0000028483644a10 code [0x0000028483644ba0, 0x0000028483644c98]
Event: 14.678 Thread 0x00000284983d3b40 1187       1       java.util.concurrent.ThreadPoolExecutor::getQueue (5 bytes)
Event: 14.679 Thread 0x00000284983d3b40 nmethod 1187 0x000002848af63910 code [0x000002848af63aa0, 0x000002848af63b78]
Event: 14.679 Thread 0x00000284983d3b40 1188       3       java.util.concurrent.TimeUnit::convert (77 bytes)
Event: 14.679 Thread 0x00000284983d3b40 nmethod 1188 0x0000028483644d10 code [0x0000028483644f20, 0x00000284836452e8]
Event: 14.772 Thread 0x00000284983d3b40 1189       3       java.util.concurrent.ScheduledThreadPoolExecutor$DelayedWorkQueue::setIndex (16 bytes)
Event: 14.772 Thread 0x00000284983d3b40 nmethod 1189 0x0000028483645490 code [0x0000028483645640, 0x0000028483645938]
Event: 14.772 Thread 0x00000284983d3b40 1190       1       org.gradle.internal.logging.console.ThrottlingOutputEventListener::access$000 (5 bytes)
Event: 14.773 Thread 0x00000284983d3b40 nmethod 1190 0x000002848af63c10 code [0x000002848af63da0, 0x000002848af63e58]
Event: 14.773 Thread 0x00000284983d3b40 1191       1       org.gradle.internal.logging.events.UpdateNowEvent::getLogLevel (2 bytes)
Event: 14.773 Thread 0x00000284983d3b40 nmethod 1191 0x000002848af63f10 code [0x000002848af640a0, 0x000002848af64178]
Event: 14.773 Thread 0x00000284983d3b40 1192       1       org.gradle.internal.logging.events.UpdateNowEvent::getTimestamp (5 bytes)
Event: 14.773 Thread 0x00000284983d3b40 nmethod 1192 0x000002848af64210 code [0x000002848af643a0, 0x000002848af64478]
Event: 16.877 Thread 0x00000284983d3b40 1193       3       java.util.concurrent.ScheduledThreadPoolExecutor$ScheduledFutureTask::getDelay (16 bytes)
Event: 16.877 Thread 0x00000284983d3b40 nmethod 1193 0x0000028483645a10 code [0x0000028483645bc0, 0x0000028483645d48]
Event: 17.173 Thread 0x00000284983d3b40 1194       3       java.lang.invoke.VarHandleGuards::guard_LLL_Z (86 bytes)

GC Heap History (2 events):
Event: 1.973 GC heap before
{Heap before GC invocations=0 (full 0):
 garbage-first heap   total 131072K, used 25600K [0x0000000081800000, 0x0000000100000000)
  region size 1024K, 23 young (23552K), 0 survivors (0K)
 Metaspace       used 11576K, committed 11712K, reserved 1114112K
  class space    used 1236K, committed 1280K, reserved 1048576K
}
Event: 1.983 GC heap after
{Heap after GC invocations=1 (full 0):
 garbage-first heap   total 131072K, used 9544K [0x0000000081800000, 0x0000000100000000)
  region size 1024K, 3 young (3072K), 3 survivors (3072K)
 Metaspace       used 11576K, committed 11712K, reserved 1114112K
  class space    used 1236K, committed 1280K, reserved 1048576K
}

Dll operation events (2 events):
Event: 0.015 Loaded shared library C:\Program Files\Android\Android Studio\jbr\bin\java.dll
Event: 0.254 Loaded shared library C:\Program Files\Android\Android Studio\jbr\bin\verify.dll

Deoptimization events (20 events):
Event: 2.321 Thread 0x00000284fcffd2f0 DEOPT PACKING pc=0x000002848af4bac4 sp=0x000000d8fa3fb010
Event: 2.321 Thread 0x00000284fcffd2f0 DEOPT UNPACKING pc=0x000002848a9a69a3 sp=0x000000d8fa3fafb0 mode 2
Event: 2.321 Thread 0x00000284fcffd2f0 Uncommon trap: trap_request=0xffffffc6 fr.pc=0x000002848af4bac4 relative=0x0000000000000564
Event: 2.321 Thread 0x00000284fcffd2f0 Uncommon trap: reason=bimorphic_or_optimized_type_check action=maybe_recompile pc=0x000002848af4bac4 method=java.util.concurrent.ConcurrentHashMap.get(Ljava/lang/Object;)Ljava/lang/Object; @ 149 c2
Event: 2.321 Thread 0x00000284fcffd2f0 DEOPT PACKING pc=0x000002848af4bac4 sp=0x000000d8fa3fb010
Event: 2.321 Thread 0x00000284fcffd2f0 DEOPT UNPACKING pc=0x000002848a9a69a3 sp=0x000000d8fa3fafb0 mode 2
Event: 2.367 Thread 0x00000284fcffd2f0 DEOPT PACKING pc=0x000002848350f8b8 sp=0x000000d8fa3fa0b0
Event: 2.367 Thread 0x00000284fcffd2f0 DEOPT UNPACKING pc=0x000002848a9a7143 sp=0x000000d8fa3f95c8 mode 0
Event: 2.519 Thread 0x00000284fcffd2f0 Uncommon trap: trap_request=0xffffff45 fr.pc=0x000002848af3cb50 relative=0x0000000000001c10
Event: 2.519 Thread 0x00000284fcffd2f0 Uncommon trap: reason=unstable_if action=reinterpret pc=0x000002848af3cb50 method=java.io.WinNTFileSystem.normalize(Ljava/lang/String;)Ljava/lang/String; @ 128 c2
Event: 2.519 Thread 0x00000284fcffd2f0 DEOPT PACKING pc=0x000002848af3cb50 sp=0x000000d8fa3fb810
Event: 2.519 Thread 0x00000284fcffd2f0 DEOPT UNPACKING pc=0x000002848a9a69a3 sp=0x000000d8fa3fb7f8 mode 2
Event: 3.029 Thread 0x00000284fcffd2f0 Uncommon trap: trap_request=0xffffff45 fr.pc=0x000002848af29f60 relative=0x0000000000000620
Event: 3.029 Thread 0x00000284fcffd2f0 Uncommon trap: reason=unstable_if action=reinterpret pc=0x000002848af29f60 method=java.lang.AbstractStringBuilder.append(Ljava/lang/String;)Ljava/lang/AbstractStringBuilder; @ 1 c2
Event: 3.029 Thread 0x00000284fcffd2f0 DEOPT PACKING pc=0x000002848af29f60 sp=0x000000d8fa3fc5a0
Event: 3.029 Thread 0x00000284fcffd2f0 DEOPT UNPACKING pc=0x000002848a9a69a3 sp=0x000000d8fa3fc520 mode 2
Event: 3.030 Thread 0x00000284fcffd2f0 Uncommon trap: trap_request=0xffffff45 fr.pc=0x000002848af24cf0 relative=0x0000000000000630
Event: 3.030 Thread 0x00000284fcffd2f0 Uncommon trap: reason=unstable_if action=reinterpret pc=0x000002848af24cf0 method=java.lang.AbstractStringBuilder.append(Ljava/lang/String;)Ljava/lang/AbstractStringBuilder; @ 1 c2
Event: 3.030 Thread 0x00000284fcffd2f0 DEOPT PACKING pc=0x000002848af24cf0 sp=0x000000d8fa3fc540
Event: 3.030 Thread 0x00000284fcffd2f0 DEOPT UNPACKING pc=0x000002848a9a69a3 sp=0x000000d8fa3fc528 mode 2

Classes unloaded (0 events):
No events

Classes redefined (0 events):
No events

Internal exceptions (18 events):
Event: 0.610 Thread 0x00000284fcffd2f0 Exception <a 'java/lang/NoSuchMethodError'{0x00000000895f29a8}: 'int java.lang.invoke.DirectMethodHandle$Holder.invokeStaticInit(java.lang.Object, java.lang.Object)'> (0x00000000895f29a8) 
thrown [s\src\hotspot\share\interpreter\linkResolver.cpp, line 771]
Event: 1.828 Thread 0x00000284fcffd2f0 Exception <a 'java/lang/NoSuchMethodError'{0x00000000883533b8}: 'void java.lang.invoke.DirectMethodHandle$Holder.invokeStatic(java.lang.Object, java.lang.Object)'> (0x00000000883533b8) 
thrown [s\src\hotspot\share\interpreter\linkResolver.cpp, line 771]
Event: 1.871 Thread 0x00000284fcffd2f0 Exception <a 'java/lang/NoClassDefFoundError'{0x00000000883db9f0}: org/slf4j/impl/StaticMarkerBinder> (0x00000000883db9f0) 
thrown [s\src\hotspot\share\classfile\systemDictionary.cpp, line 245]
Event: 1.900 Thread 0x00000284fcffd2f0 Exception <a 'java/lang/NoSuchMethodError'{0x0000000088277a20}: 'java.lang.Object java.lang.invoke.DirectMethodHandle$Holder.invokeVirtual(java.lang.Object, java.lang.Object, java.lang.Object, java.lang.Object, java.lang.Object, java.lang.Object, java.lang.Object)'> (0x0000000088277a20) 
thrown [s\src\hotspot\share\interpreter\linkResolver.cpp, line 771]
Event: 1.904 Thread 0x00000284fcffd2f0 Exception <a 'java/lang/NoSuchMethodError'{0x00000000882895c0}: 'java.lang.Object java.lang.invoke.Invokers$Holder.invoker(java.lang.Object, java.lang.Object, java.lang.Object)'> (0x00000000882895c0) 
thrown [s\src\hotspot\share\interpreter\linkResolver.cpp, line 771]
Event: 1.909 Thread 0x00000284fcffd2f0 Exception <a 'java/lang/NoSuchMethodError'{0x0000000088292668}: 'java.lang.Object java.lang.invoke.DirectMethodHandle$Holder.invokeStatic(java.lang.Object, java.lang.Object, int)'> (0x0000000088292668) 
thrown [s\src\hotspot\share\interpreter\linkResolver.cpp, line 771]
Event: 1.913 Thread 0x00000284fcffd2f0 Exception <a 'java/lang/NoSuchMethodError'{0x000000008829e358}: 'void java.lang.invoke.DelegatingMethodHandle$Holder.delegate(java.lang.Object, java.lang.Object, int, java.lang.Object)'> (0x000000008829e358) 
thrown [s\src\hotspot\share\interpreter\linkResolver.cpp, line 771]
Event: 1.914 Thread 0x00000284fcffd2f0 Exception <a 'java/lang/NoSuchMethodError'{0x00000000882a24a0}: 'int java.lang.invoke.DirectMethodHandle$Holder.invokeSpecial(java.lang.Object, java.lang.Object, java.lang.Object)'> (0x00000000882a24a0) 
thrown [s\src\hotspot\share\interpreter\linkResolver.cpp, line 771]
Event: 1.919 Thread 0x00000284fcffd2f0 Exception <a 'java/lang/NoSuchMethodError'{0x00000000882b5658}: 'java.lang.Object java.lang.invoke.Invokers$Holder.invokeExact_MT(java.lang.Object, java.lang.Object, java.lang.Object, java.lang.Object)'> (0x00000000882b5658) 
thrown [s\src\hotspot\share\interpreter\linkResolver.cpp, line 771]
Event: 2.120 Thread 0x00000284fcffd2f0 Exception <a 'java/lang/NoSuchMethodError'{0x00000000894966b8}: 'void java.lang.invoke.DirectMethodHandle$Holder.invokeSpecial(java.lang.Object, java.lang.Object, java.lang.Object)'> (0x00000000894966b8) 
thrown [s\src\hotspot\share\interpreter\linkResolver.cpp, line 771]
Event: 2.151 Thread 0x00000284fcffd2f0 Implicit null exception at 0x000002848af39b0a to 0x000002848af3a074
Event: 2.152 Thread 0x00000284fcffd2f0 Implicit null exception at 0x000002848af2b58c to 0x000002848af2bafc
Event: 2.198 Thread 0x00000284fcffd2f0 Exception <a 'java/lang/NoSuchMethodError'{0x0000000089234550}: 'java.lang.Object java.lang.invoke.DirectMethodHandle$Holder.invokeStaticInit(java.lang.Object)'> (0x0000000089234550) 
thrown [s\src\hotspot\share\interpreter\linkResolver.cpp, line 771]
Event: 2.432 Thread 0x00000284fcffd2f0 Exception <a 'java/lang/NoSuchMethodError'{0x0000000088e39598}: 'java.lang.Object java.lang.invoke.DirectMethodHandle$Holder.invokeStaticInit(java.lang.Object, int, int, int, int)'> (0x0000000088e39598) 
thrown [s\src\hotspot\share\interpreter\linkResolver.cpp, line 771]
Event: 2.590 Thread 0x00000284fcffd2f0 Exception <a 'java/lang/NoSuchMethodError'{0x0000000088e904a8}: 'java.lang.Object java.lang.invoke.DirectMethodHandle$Holder.invokeStaticInit(java.lang.Object, java.lang.Object, int, int, int, int)'> (0x0000000088e904a8) 
thrown [s\src\hotspot\share\interpreter\linkResolver.cpp, line 771]
Event: 2.988 Thread 0x00000284fcffd2f0 Exception <a 'java/lang/NoSuchMethodError'{0x0000000088ebdf88}: 'void java.lang.invoke.DirectMethodHandle$Holder.invokeStatic(java.lang.Object, java.lang.Object, java.lang.Object)'> (0x0000000088ebdf88) 
thrown [s\src\hotspot\share\interpreter\linkResolver.cpp, line 771]
Event: 3.029 Thread 0x00000284fcffd2f0 Implicit null exception at 0x000002848af29972 to 0x000002848af29f48
Event: 3.030 Thread 0x00000284fcffd2f0 Implicit null exception at 0x000002848af246f2 to 0x000002848af24cd8

VM Operations (18 events):
Event: 0.242 Executing VM operation: HandshakeAllThreads
Event: 0.242 Executing VM operation: HandshakeAllThreads done
Event: 1.252 Executing VM operation: Cleanup
Event: 1.252 Executing VM operation: Cleanup done
Event: 1.621 Executing VM operation: HandshakeAllThreads
Event: 1.621 Executing VM operation: HandshakeAllThreads done
Event: 1.908 Executing VM operation: HandshakeAllThreads
Event: 1.908 Executing VM operation: HandshakeAllThreads done
Event: 1.972 Executing VM operation: G1CollectForAllocation
Event: 1.983 Executing VM operation: G1CollectForAllocation done
Event: 2.336 Executing VM operation: HandshakeAllThreads
Event: 2.336 Executing VM operation: HandshakeAllThreads done
Event: 2.523 Executing VM operation: HandshakeAllThreads
Event: 2.523 Executing VM operation: HandshakeAllThreads done
Event: 3.524 Executing VM operation: Cleanup
Event: 3.524 Executing VM operation: Cleanup done
Event: 6.542 Executing VM operation: Cleanup
Event: 6.542 Executing VM operation: Cleanup done

Events (20 events):
Event: 4.819 loading class jdk/internal/reflect/ByteVectorFactory
Event: 4.819 loading class jdk/internal/reflect/ByteVectorFactory done
Event: 4.819 loading class jdk/internal/reflect/ByteVectorImpl
Event: 4.819 loading class jdk/internal/reflect/ByteVector
Event: 4.819 loading class jdk/internal/reflect/ByteVector done
Event: 4.819 loading class jdk/internal/reflect/ByteVectorImpl done
Event: 4.819 loading class jdk/internal/reflect/ClassFileAssembler
Event: 4.819 loading class jdk/internal/reflect/ClassFileAssembler done
Event: 4.819 loading class jdk/internal/reflect/UTF8
Event: 4.819 loading class jdk/internal/reflect/UTF8 done
Event: 4.820 loading class jdk/internal/reflect/Label
Event: 4.821 loading class jdk/internal/reflect/Label done
Event: 4.821 loading class jdk/internal/reflect/Label$PatchInfo
Event: 4.821 loading class jdk/internal/reflect/Label$PatchInfo done
Event: 4.821 loading class jdk/internal/reflect/MethodAccessorGenerator$1
Event: 4.821 loading class jdk/internal/reflect/MethodAccessorGenerator$1 done
Event: 4.821 loading class jdk/internal/reflect/ClassDefiner
Event: 4.821 loading class jdk/internal/reflect/ClassDefiner done
Event: 4.821 loading class jdk/internal/reflect/ClassDefiner$1
Event: 4.821 loading class jdk/internal/reflect/ClassDefiner$1 done


Dynamic libraries:
0x00007ff694ac0000 - 0x00007ff694aca000 	C:\Program Files\Android\Android Studio\jbr\bin\java.exe
0x00007ffa47b00000 - 0x00007ffa47d63000 	C:\WINDOWS\SYSTEM32\ntdll.dll
0x00007ffa47230000 - 0x00007ffa472f8000 	C:\WINDOWS\System32\KERNEL32.DLL
0x00007ffa45420000 - 0x00007ffa457d2000 	C:\WINDOWS\System32\KERNELBASE.dll
0x00007ffa45050000 - 0x00007ffa4519b000 	C:\WINDOWS\System32\ucrtbase.dll
0x00007ffa3d5f0000 - 0x00007ffa3d607000 	C:\Program Files\Android\Android Studio\jbr\bin\jli.dll
0x00007ffa47610000 - 0x00007ffa477d8000 	C:\WINDOWS\System32\USER32.dll
0x00007ffa45930000 - 0x00007ffa45957000 	C:\WINDOWS\System32\win32u.dll
0x00007ffa46e70000 - 0x00007ffa46e9a000 	C:\WINDOWS\System32\GDI32.dll
0x00007ffa452f0000 - 0x00007ffa4541b000 	C:\WINDOWS\System32\gdi32full.dll
0x00007ffa45240000 - 0x00007ffa452e3000 	C:\WINDOWS\System32\msvcp_win.dll
0x00007ffa3d5d0000 - 0x00007ffa3d5eb000 	C:\Program Files\Android\Android Studio\jbr\bin\VCRUNTIME140.dll
0x00007ffa32eb0000 - 0x00007ffa33140000 	C:\WINDOWS\WinSxS\amd64_microsoft.windows.common-controls_6595b64144ccf1df_6.0.26100.2454_none_3e0b68a2e331ad60\COMCTL32.dll
0x00007ffa47a00000 - 0x00007ffa47aa9000 	C:\WINDOWS\System32\msvcrt.dll
0x00007ffa45a80000 - 0x00007ffa45aaf000 	C:\WINDOWS\System32\IMM32.DLL
0x00007ffa3d5c0000 - 0x00007ffa3d5cc000 	C:\Program Files\Android\Android Studio\jbr\bin\vcruntime140_1.dll
0x00007ffa3d530000 - 0x00007ffa3d5bd000 	C:\Program Files\Android\Android Studio\jbr\bin\msvcp140.dll
0x00007ff9e9890000 - 0x00007ff9ea513000 	C:\Program Files\Android\Android Studio\jbr\bin\server\jvm.dll
0x00007ffa474d0000 - 0x00007ffa47584000 	C:\WINDOWS\System32\ADVAPI32.dll
0x00007ffa46210000 - 0x00007ffa462b6000 	C:\WINDOWS\System32\sechost.dll
0x00007ffa45960000 - 0x00007ffa45a76000 	C:\WINDOWS\System32\RPCRT4.dll
0x00007ffa2ecc0000 - 0x00007ffa2ecca000 	C:\WINDOWS\SYSTEM32\WSOCK32.dll
0x00007ffa46c10000 - 0x00007ffa46c84000 	C:\WINDOWS\System32\WS2_32.dll
0x00007ffa39040000 - 0x00007ffa39076000 	C:\WINDOWS\SYSTEM32\WINMM.dll
0x00007ffa413d0000 - 0x00007ffa413db000 	C:\WINDOWS\SYSTEM32\VERSION.dll
0x00007ffa43ba0000 - 0x00007ffa43bee000 	C:\WINDOWS\SYSTEM32\POWRPROF.dll
0x00007ffa43b80000 - 0x00007ffa43b94000 	C:\WINDOWS\SYSTEM32\UMPDC.dll
0x00007ffa43e20000 - 0x00007ffa43e3a000 	C:\WINDOWS\SYSTEM32\kernel.appcore.dll
0x00007ffa3d520000 - 0x00007ffa3d52a000 	C:\Program Files\Android\Android Studio\jbr\bin\jimage.dll
0x00007ffa33150000 - 0x00007ffa33391000 	C:\WINDOWS\SYSTEM32\DBGHELP.DLL
0x00007ffa46ea0000 - 0x00007ffa4721e000 	C:\WINDOWS\System32\combase.dll
0x00007ffa47300000 - 0x00007ffa473d6000 	C:\WINDOWS\System32\OLEAUT32.dll
0x00007ff9e1280000 - 0x00007ff9e12b9000 	C:\WINDOWS\SYSTEM32\dbgcore.DLL
0x00007ffa451a0000 - 0x00007ffa45239000 	C:\WINDOWS\System32\bcryptPrimitives.dll
0x00007ffa3d4f0000 - 0x00007ffa3d515000 	C:\Program Files\Android\Android Studio\jbr\bin\java.dll
0x00007ffa3acc0000 - 0x00007ffa3acd8000 	C:\Program Files\Android\Android Studio\jbr\bin\zip.dll
0x00007ffa45b00000 - 0x00007ffa46201000 	C:\WINDOWS\System32\SHELL32.dll
0x00007ffa42c40000 - 0x00007ffa43471000 	C:\WINDOWS\SYSTEM32\windows.storage.dll
0x00007ffa46b30000 - 0x00007ffa46c0a000 	C:\WINDOWS\System32\SHCORE.dll
0x00007ffa47920000 - 0x00007ffa4797d000 	C:\WINDOWS\System32\shlwapi.dll
0x00007ffa44de0000 - 0x00007ffa44e0e000 	C:\WINDOWS\SYSTEM32\profapi.dll
0x00007ffa30630000 - 0x00007ffa30649000 	C:\Program Files\Android\Android Studio\jbr\bin\net.dll
0x00007ffa41770000 - 0x00007ffa41896000 	C:\WINDOWS\SYSTEM32\WINHTTP.dll
0x00007ffa44320000 - 0x00007ffa44388000 	C:\WINDOWS\system32\mswsock.dll
0x00007ffa30610000 - 0x00007ffa30626000 	C:\Program Files\Android\Android Studio\jbr\bin\nio.dll
0x00007ffa3acb0000 - 0x00007ffa3acc0000 	C:\Program Files\Android\Android Studio\jbr\bin\verify.dll
0x00007ffa2a530000 - 0x00007ffa2a557000 	C:\Users\sohai\.gradle\native\c067742578af261105cb4f569cf0c3c89f3d7b1fecec35dd04571415982c5e48\windows-amd64\native-platform.dll
0x00007ffa315a0000 - 0x00007ffa315a9000 	C:\Program Files\Android\Android Studio\jbr\bin\management.dll
0x00007ffa30600000 - 0x00007ffa3060b000 	C:\Program Files\Android\Android Studio\jbr\bin\management_ext.dll
0x00007ffa47ab0000 - 0x00007ffa47ab8000 	C:\WINDOWS\System32\PSAPI.DLL
0x00007ffa445c0000 - 0x00007ffa445dc000 	C:\WINDOWS\SYSTEM32\CRYPTSP.dll
0x00007ffa43d80000 - 0x00007ffa43db8000 	C:\WINDOWS\system32\rsaenh.dll
0x00007ffa443c0000 - 0x00007ffa443eb000 	C:\WINDOWS\SYSTEM32\USERENV.dll
0x00007ffa44800000 - 0x00007ffa44826000 	C:\WINDOWS\SYSTEM32\bcrypt.dll
0x00007ffa445e0000 - 0x00007ffa445ec000 	C:\WINDOWS\SYSTEM32\CRYPTBASE.dll
0x00007ffa437e0000 - 0x00007ffa43812000 	C:\WINDOWS\SYSTEM32\IPHLPAPI.DLL
0x00007ffa45af0000 - 0x00007ffa45afa000 	C:\WINDOWS\System32\NSI.dll
0x00007ffa416c0000 - 0x00007ffa416de000 	C:\WINDOWS\SYSTEM32\dhcpcsvc6.DLL
0x00007ffa41520000 - 0x00007ffa41545000 	C:\WINDOWS\SYSTEM32\dhcpcsvc.DLL
0x00007ffa43870000 - 0x00007ffa43995000 	C:\WINDOWS\SYSTEM32\DNSAPI.dll
0x00007ffa305f0000 - 0x00007ffa305f9000 	C:\Program Files\Android\Android Studio\jbr\bin\extnet.dll
0x00007ff9e0720000 - 0x00007ff9e0728000 	C:\WINDOWS\system32\wshunix.dll

dbghelp: loaded successfully - version: 4.0.5 - missing functions: none
symbol engine: initialized successfully - sym options: 0x614 - pdb path: .;C:\Program Files\Android\Android Studio\jbr\bin;C:\WINDOWS\SYSTEM32;C:\WINDOWS\WinSxS\amd64_microsoft.windows.common-controls_6595b64144ccf1df_6.0.26100.2454_none_3e0b68a2e331ad60;C:\Program Files\Android\Android Studio\jbr\bin\server;C:\Users\sohai\.gradle\native\c067742578af261105cb4f569cf0c3c89f3d7b1fecec35dd04571415982c5e48\windows-amd64

VM Arguments:
jvm_args: -Dorg.gradle.appname=gradlew 
java_command: org.gradle.wrapper.GradleWrapperMain -q -Ptarget-platform=android-arm64 -Ptarget=C:\Users\sohai\Desktop\My Workspace\Flutter Lectures\Sixth-Gridview-Gridview-dot-Builder-Navigation-Mediaqurey-Fonts\lib\main.dart -Pbase-application-name=android.app.Application -Pdart-obfuscation=false -Ptrack-widget-creation=true -Ptree-shake-icons=false -Pfilesystem-scheme=org-dartlang-root assembleDebug
java_class_path (initial): C:\Users\sohai\Desktop\My Workspace\Flutter Lectures\Sixth-Gridview-Gridview-dot-Builder-Navigation-Mediaqurey-Fonts\android\\gradle\wrapper\gradle-wrapper.jar
Launcher Type: SUN_STANDARD

[Global flags]
     intx CICompilerCount                          = 4                                         {product} {ergonomic}
     uint ConcGCThreads                            = 2                                         {product} {ergonomic}
     uint G1ConcRefinementThreads                  = 8                                         {product} {ergonomic}
   size_t G1HeapRegionSize                         = 1048576                                   {product} {ergonomic}
    uintx GCDrainStackTargetSize                   = 64                                        {product} {ergonomic}
   size_t InitialHeapSize                          = 134217728                                 {product} {ergonomic}
   size_t MarkStackSize                            = 4194304                                   {product} {ergonomic}
   size_t MaxHeapSize                              = 2122317824                                {product} {ergonomic}
   size_t MaxNewSize                               = 1272971264                                {product} {ergonomic}
   size_t MinHeapDeltaBytes                        = 1048576                                   {product} {ergonomic}
   size_t MinHeapSize                              = 8388608                                   {product} {ergonomic}
    uintx NonNMethodCodeHeapSize                   = 5839372                                {pd product} {ergonomic}
    uintx NonProfiledCodeHeapSize                  = 122909434                              {pd product} {ergonomic}
    uintx ProfiledCodeHeapSize                     = 122909434                              {pd product} {ergonomic}
    uintx ReservedCodeCacheSize                    = 251658240                              {pd product} {ergonomic}
     bool SegmentedCodeCache                       = true                                      {product} {ergonomic}
   size_t SoftMaxHeapSize                          = 2122317824                             {manageable} {ergonomic}
     bool UseCompressedClassPointers               = true                           {product lp64_product} {ergonomic}
     bool UseCompressedOops                        = true                           {product lp64_product} {ergonomic}
     bool UseG1GC                                  = true                                      {product} {ergonomic}
     bool UseLargePagesIndividualAllocation        = false                                  {pd product} {ergonomic}

Logging:
Log output configuration:
 #0: stdout all=warning uptime,level,tags
 #1: stderr all=off uptime,level,tags

Environment Variables:
JAVA_HOME=C:\Program Files\Android\Android Studio\jbr
CLASSPATH=C:\Users\sohai\Desktop\My Workspace\Flutter Lectures\Sixth-Gridview-Gridview-dot-Builder-Navigation-Mediaqurey-Fonts\android\\gradle\wrapper\gradle-wrapper.jar
PATH=C:\Program Files\Android\Android Studio\jbr\bin;C:\Program Files\Common Files\Oracle\Java\javapath;C:\Program Files\OpenLogic\jdk-8.0.432.06-hotspot\bin;C:\Program Files (x86)\Intel\iCLS Client\;C:\Program Files\Intel\iCLS Client\;C:\WINDOWS\system32;C:\WINDOWS;C:\WINDOWS\System32\Wbem;C:\WINDOWS\System32\WindowsPowerShell\v1.0\;C:\WINDOWS\System32\OpenSSH\;C:\Program Files\dotnet\;C:\Program Files (x86)\NVIDIA Corporation\PhysX\Common;C:\Program Files (x86)\Intel\Intel(R) Management Engine Components\DAL;C:\Program Files\Intel\Intel(R) Management Engine Components\DAL;C:\Program Files (x86)\Intel\Intel(R) Management Engine Components\IPT;C:\Program Files\Intel\Intel(R) Management Engine Components\IPT;C:\flutter\bin;C:\Program Files\Git\cmd;C:\Users\sohai\AppData\Local\Pub\Cache\bin;C:\Program Files\nodejs\;C:\Users\sohai\AppData\Local\Microsoft\WindowsApps;C:\Users\sohai\AppData\Local\Programs\Microsoft VS Code\bin;C:\Users\sohai\AppData\Local\Microsoft\WinGet\Packages\Schniz.fnm_Microsoft.Winget.Source_8wekyb3d8bbwe;C:\Users\sohai\AppData\Roaming\npm;C:\Users\sohai\Downloads\Compressed\openlogic-openjdk-8u412-b08-windows-x64.zip\openlogic-openjdk-8u412-b08-windows-64\bin;;C:\flutter\bin\mingit\cmd;C:\flutter\bin\mingit\cmd
USERNAME=sohai
OS=Windows_NT
PROCESSOR_IDENTIFIER=Intel64 Family 6 Model 60 Stepping 3, GenuineIntel
TMP=C:\Users\sohai\AppData\Local\Temp
TEMP=C:\Users\sohai\AppData\Local\Temp



Periodic native trim disabled

JNI global refs:
JNI global refs: 19, weak refs: 2

JNI global refs memory usage: 843, weak refs: 841

Process memory usage:
Resident Set Size: 94512K (1% of 8289348K total physical memory with 884512K free physical memory)

OOME stack traces (most recent first):
Classloader memory used:

[error occurred during error reporting (Classloader stats), id 0xe0000001, Out of Memory Error (s\src\hotspot\share\memory\arena.cpp:79)]


---------------  S Y S T E M  ---------------

OS:
 Windows 11 , 64 bit Build 26100 (10.0.26100.2454)
OS uptime: 0 days 0:36 hours

CPU: total 8 (initial active 8) (4 cores per cpu, 2 threads per core) family 6 model 60 stepping 3 microcode 0x28, cx8, cmov, fxsr, ht, mmx, sse, sse2, sse3, ssse3, sse4.1, sse4.2, popcnt, lzcnt, tsc, tscinvbit, avx, avx2, aes, erms, clmul, bmi1, bmi2, fma, vzeroupper, clflush
Processor Information for all 8 processors :
  Max Mhz: 2201, Current Mhz: 2201, Mhz Limit: 2201

Memory: 4k page, system-wide physical 8095M (863M free)
TotalPageFile size 16907M (AvailPageFile size 0M)
current process WorkingSet (physical memory assigned to process): 92M, peak: 95M
current process commit charge ("private bytes"): 227M, peak: 231M

vm_info: OpenJDK 64-Bit Server VM (17.0.11+0--11852314) for windows-amd64 JRE (17.0.11+0--11852314), built on May 16 2024 21:29:20 by "androidbuild" with MS VC++ 16.10 / 16.11 (VS2019)

END.
